c:\users\alon\documents\github\owr_debriefing_v1\owr_debriefing_v1\debug\vc120.pdb
c:\users\alon\documents\github\owr_debriefing_v1\owr_debriefing_v1\debug\myform.obj
c:\users\alon\documents\github\owr_debriefing_v1\owr_debriefing_v1\debug\main.obj
c:\users\alon\documents\github\owr_debriefing_v1\owr_debriefing_v1\debug\.netframework,version=v4.5.assemblyattributes.obj
c:\users\alon\documents\github\owr_debriefing_v1\owr_debriefing_v1\debug\rod_omr_v1.myform.resources
c:\users\alon\documents\github\owr_debriefing_v1\owr_debriefing_v1\debug\owr_debriefing_v1.vcxproj.generateresource.cache
c:\users\alon\documents\github\owr_debriefing_v1\debug\owr_debriefing_v1.pdb
c:\users\alon\documents\github\owr_debriefing_v1\owr_debriefing_v1\debug\owr_debr.dcb0cebb.tlog\cl.command.1.tlog
c:\users\alon\documents\github\owr_debriefing_v1\owr_debriefing_v1\debug\owr_debr.dcb0cebb.tlog\cl.read.1.tlog
c:\users\alon\documents\github\owr_debriefing_v1\owr_debriefing_v1\debug\owr_debr.dcb0cebb.tlog\cl.write.1.tlog
c:\users\alon\documents\github\owr_debriefing_v1\owr_debriefing_v1\debug\owr_debr.dcb0cebb.tlog\link.8416-cvtres.read.1.tlog
c:\users\alon\documents\github\owr_debriefing_v1\owr_debriefing_v1\debug\owr_debr.dcb0cebb.tlog\link.8416-cvtres.write.1.tlog
c:\users\alon\documents\github\owr_debriefing_v1\owr_debriefing_v1\debug\owr_debr.dcb0cebb.tlog\link.8416-rc.read.1.tlog
c:\users\alon\documents\github\owr_debriefing_v1\owr_debriefing_v1\debug\owr_debr.dcb0cebb.tlog\link.8416-rc.write.1.tlog
c:\users\alon\documents\github\owr_debriefing_v1\owr_debriefing_v1\debug\owr_debr.dcb0cebb.tlog\link.8416.read.1.tlog
c:\users\alon\documents\github\owr_debriefing_v1\owr_debriefing_v1\debug\owr_debr.dcb0cebb.tlog\link.8416.write.1.tlog
c:\users\alon\documents\github\owr_debriefing_v1\owr_debriefing_v1\debug\owr_debr.dcb0cebb.tlog\link.command.1.tlog
c:\users\alon\documents\github\owr_debriefing_v1\owr_debriefing_v1\debug\owr_debr.dcb0cebb.tlog\link.read.1.tlog
c:\users\alon\documents\github\owr_debriefing_v1\owr_debriefing_v1\debug\owr_debr.dcb0cebb.tlog\link.write.1.tlog
c:\users\alon\documents\github\owr_debriefing_v1\owr_debriefing_v1\debug\owr_debr.dcb0cebb.tlog\metagen.read.1.tlog
c:\users\alon\documents\github\owr_debriefing_v1\owr_debriefing_v1\debug\owr_debr.dcb0cebb.tlog\metagen.write.1.tlog
c:\users\alon\documents\github\owr_debriefing_v1\owr_debriefing_v1\debug\owr_debr.dcb0cebb.tlog\owr_debriefing_v1.write.1u.tlog
c:\users\alon\documents\github\owr_debriefing_v1\owr_debriefing_v1\debug\owr_debr.dcb0cebb.tlog\oleaccrc.dll.bi
c:\users\alon\documents\github\owr_debriefing_v1\owr_debriefing_v1\debug\owr_debr.dcb0cebb.tlog\rsaenh.dll.bi
c:\users\alon\documents\github\owr_debriefing_v1\owr_debriefing_v1\debug\owr_debr.dcb0cebb.tlog\tzres.dll.bi
